<?xml version="1.0" encoding="UTF-8"?>
<!-- Generated by org.testng.reporters.JUnitReportReporter -->
<testsuite hostname="LAPTOP-RO7N7KNM" failures="0" tests="4" name="test.OrderCompletionTest" time="21.578" errors="0" timestamp="2025-04-02T21:54:53 PST" skipped="0">
  <testcase classname="test.OrderCompletionTest" name="testFinishButtonNavigatesToCompletePage" time="4.786"/>
  <testcase classname="test.OrderCompletionTest" name="testUserLandsOnCheckoutCompletePage" time="6.512"/>
  <testcase classname="test.OrderCompletionTest" name="testCheckoutCompletePageDetails" time="5.497"/>
  <testcase classname="test.OrderCompletionTest" name="testBackHomeButtonRedirectsToProductPage" time="4.783"/>
</testsuite> <!-- test.OrderCompletionTest -->
