<?xml version="1.0" encoding="UTF-8"?>
<!-- Generated by org.testng.reporters.JUnitReportReporter -->
<testsuite hostname="LAPTOP-RO7N7KNM" failures="0" tests="11" name="test.CheckoutInformationTest" time="58.550" errors="0" timestamp="2025-04-02T21:31:42 PST" skipped="0">
  <testcase classname="test.CheckoutInformationTest" name="testValidInfoProceedsToOverview" time="4.789"/>
  <testcase classname="test.CheckoutInformationTest" name="testCancelButtonRedirectsToCartPage" time="5.393"/>
  <testcase classname="test.CheckoutInformationTest" name="testBlankFieldsBlockProceed" time="4.780"/>
  <testcase classname="test.CheckoutInformationTest" name="testOnlyLastNameEnteredBlocksProceed" time="4.778"/>
  <testcase classname="test.CheckoutInformationTest" name="testAccessCheckoutInformationPage" time="4.582"/>
  <testcase classname="test.CheckoutInformationTest" name="testBlankLastNameBlocksProceed" time="5.568"/>
  <testcase classname="test.CheckoutInformationTest" name="testOnlyZipEnteredBlocksProceed" time="4.752"/>
  <testcase classname="test.CheckoutInformationTest" name="testBlankFirstNameBlocksProceed" time="4.729"/>
  <testcase classname="test.CheckoutInformationTest" name="testInformationPageRequiredDetailsDisplayed" time="5.374"/>
  <testcase classname="test.CheckoutInformationTest" name="testOnlyFirstNameEnteredBlocksProceed" time="5.715"/>
  <testcase classname="test.CheckoutInformationTest" name="testBlankZipBlocksProceed" time="8.090"/>
</testsuite> <!-- test.CheckoutInformationTest -->
