<?xml version="1.0" encoding="UTF-8"?>
<!-- Generated by org.testng.reporters.JUnitReportReporter -->
<testsuite hostname="LAPTOP-RO7N7KNM" failures="0" tests="9" name="test.CartPageTest" time="44.409" errors="0" timestamp="2025-04-02T17:49:16 PST" skipped="0">
  <testcase classname="test.CartPageTest" name="testProductDetailsDisplayedInCart" time="4.513"/>
  <testcase classname="test.CartPageTest" name="testRemoveItemUpdatesCartCount" time="5.367"/>
  <testcase classname="test.CartPageTest" name="testContinueShoppingNavigatesToProductPage" time="5.198"/>
  <testcase classname="test.CartPageTest" name="testCartDetailsDisplayed" time="4.634"/>
  <testcase classname="test.CartPageTest" name="testProductDisplayedInCart" time="5.615"/>
  <testcase classname="test.CartPageTest" name="testRemoveAllItemsUpdatesCartCount" time="4.631"/>
  <testcase classname="test.CartPageTest" name="testAccessCartPage" time="4.381"/>
  <testcase classname="test.CartPageTest" name="testMultipleProductsDisplayedInCart" time="4.632"/>
  <testcase classname="test.CartPageTest" name="testCartPersistsAfterRelogin" time="5.438"/>
</testsuite> <!-- test.CartPageTest -->
