<?xml version="1.0" encoding="UTF-8"?>
<!-- Generated by org.testng.reporters.JUnitReportReporter -->
<testsuite hostname="LAPTOP-RO7N7KNM" failures="0" tests="7" name="test.LoginTest" time="24.870" errors="0" timestamp="2025-03-27T14:07:59 PST" skipped="0">
  <testcase classname="test.LoginTest" name="testLoginWithBlankPassword" time="3.888"/>
  <testcase classname="test.LoginTest" name="testLoginWithBlankUsername" time="3.728"/>
  <testcase classname="test.LoginTest" name="testLoginPageAccessibility" time="3.580"/>
  <testcase classname="test.LoginTest" name="testLoginWithBlankCredentials" time="3.335"/>
  <testcase classname="test.LoginTest" name="testLoginWithInvalidUsername" time="3.374"/>
  <testcase classname="test.LoginTest" name="testLoginWithValidCredentials" time="3.514"/>
  <testcase classname="test.LoginTest" name="testLoginWithInvalidPassword" time="3.451"/>
</testsuite> <!-- test.LoginTest -->
