<?xml version="1.0" encoding="UTF-8"?>
<!-- Generated by org.testng.reporters.JUnitReportReporter -->
<testsuite hostname="LAPTOP-RO7N7KNM" failures="0" tests="1" name="test.BlankCredentialsTest" time="3.367" errors="0" timestamp="2025-03-25T13:57:39 PST" skipped="0">
  <testcase classname="test.BlankCredentialsTest" name="testBlankCredentials" time="3.367"/>
</testsuite> <!-- test.BlankCredentialsTest -->
