<?xml version="1.0" encoding="UTF-8"?>
<!-- Generated by org.testng.reporters.JUnitReportReporter -->
<testsuite hostname="LAPTOP-RO7N7KNM" failures="0" tests="5" name="test.ProductDetailTest" time="24.336" errors="0" timestamp="2025-03-31T17:18:27 PST" skipped="0">
  <testcase classname="test.ProductDetailTest" name="testAddToCartButtonUpdatesCartCount" time="4.478"/>
  <testcase classname="test.ProductDetailTest" name="testRemoveButtonUpdatesCartCount" time="5.341"/>
  <testcase classname="test.ProductDetailTest" name="testAllRequiredDetailsDisplayed" time="4.415"/>
  <testcase classname="test.ProductDetailTest" name="testRemoveButtonDisplayedWhenProductInCart" time="4.484"/>
  <testcase classname="test.ProductDetailTest" name="testAccessProductDetailPage" time="5.618"/>
</testsuite> <!-- test.ProductDetailTest -->
