<?xml version="1.0" encoding="UTF-8"?>
<!-- Generated by org.testng.reporters.JUnitReportReporter -->
<testsuite hostname="LAPTOP-RO7N7KNM" failures="0" tests="7" name="test.LoginTest" time="44.255" errors="0" timestamp="2025-04-03T16:44:21 PST" skipped="0">
  <testcase classname="test.LoginTest" name="testLoginWithBlankPassword" time="6.551"/>
  <testcase classname="test.LoginTest" name="testLoginWithBlankUsername" time="6.040"/>
  <testcase classname="test.LoginTest" name="testLoginWithValidCredentials" time="5.406"/>
  <testcase classname="test.LoginTest" name="testLoginWithInvalidUsername" time="5.497"/>
  <testcase classname="test.LoginTest" name="testLoginPageAccessibility" time="9.377"/>
  <testcase classname="test.LoginTest" name="testLoginWithBlankCredentials" time="5.242"/>
  <testcase classname="test.LoginTest" name="testLoginWithInvalidPassword" time="6.142"/>
</testsuite> <!-- test.LoginTest -->
