<?xml version="1.0" encoding="UTF-8"?>
<!-- Generated by org.testng.reporters.JUnitReportReporter -->
<testsuite hostname="LAPTOP-RO7N7KNM" failures="0" tests="4" name="test.CartFunctionalityTest" time="70.161" errors="0" timestamp="2025-03-31T16:48:58 PST" skipped="0">
  <testcase classname="test.CartFunctionalityTest" name="testCartCountUpdatesWhenAddingMultipleItems" time="5.798"/>
  <testcase classname="test.CartFunctionalityTest" name="testHamburgerMenuIsDisplayedAndOptionsAreVisible" time="26.252"/>
  <testcase classname="test.CartFunctionalityTest" name="testSidebarClosesAfterClickingXButton" time="11.872"/>
  <testcase classname="test.CartFunctionalityTest" name="testCartCountUpdatesWhenAddingOneItem" time="26.239"/>
</testsuite> <!-- test.CartFunctionalityTest -->
