<?xml version="1.0" encoding="UTF-8"?>
<!-- Generated by org.testng.reporters.JUnitReportReporter -->
<testsuite hostname="LAPTOP-RO7N7KNM" failures="0" tests="1" name="test.TestNGExample" time="0.007" errors="0" timestamp="2025-03-25T13:12:23 PST" skipped="0">
  <testcase classname="test.TestNGExample" name="f" time="0.007"/>
</testsuite> <!-- test.TestNGExample -->
