<?xml version="1.0" encoding="UTF-8"?>
<!-- Generated by org.testng.reporters.JUnitReportReporter -->
<testsuite hostname="LAPTOP-RO7N7KNM" failures="0" tests="7" name="test.LoginPage" time="27.718" errors="0" timestamp="2025-03-27T11:16:56 PST" skipped="0">
  <testcase classname="test.LoginPage" name="testLoginWithValidCredentials" time="4.691"/>
  <testcase classname="test.LoginPage" name="testLoginWithBlankUsername" time="3.774"/>
  <testcase classname="test.LoginPage" name="testLoginWithInvalidPassword" time="3.475"/>
  <testcase classname="test.LoginPage" name="testLoginWithBlankPassword" time="3.862"/>
  <testcase classname="test.LoginPage" name="testLoginPageAccessibility" time="3.915"/>
  <testcase classname="test.LoginPage" name="testLoginWithBlankCredentials" time="3.369"/>
  <testcase classname="test.LoginPage" name="testLoginWithInvalidUsername" time="4.632"/>
</testsuite> <!-- test.LoginPage -->
