<?xml version="1.0" encoding="UTF-8"?>
<!-- Generated by org.testng.reporters.JUnitReportReporter -->
<testsuite hostname="LAPTOP-RO7N7KNM" failures="0" tests="1" name="test.LoginPageAccessibilityTest" time="3.633" errors="0" timestamp="2025-03-25T14:01:18 PST" skipped="0">
  <testcase classname="test.LoginPageAccessibilityTest" name="testLoginPageAccessibility" time="3.633"/>
</testsuite> <!-- test.LoginPageAccessibilityTest -->
