<?xml version="1.0" encoding="UTF-8"?>
<!-- Generated by org.testng.reporters.JUnitReportReporter -->
<testsuite hostname="LAPTOP-RO7N7KNM" failures="0" tests="8" name="test.ProductListingTest" time="40.208" errors="0" timestamp="2025-03-27T14:15:50 PST" skipped="0">
  <testcase classname="test.ProductListingTest" name="testSortByNameAscending" time="3.505"/>
  <testcase classname="test.ProductListingTest" name="testAddToCartButtonFunctionality" time="3.347"/>
  <testcase classname="test.ProductListingTest" name="testAccessProductListingPage" time="3.500"/>
  <testcase classname="test.ProductListingTest" name="testRequiredProductDetailsDisplayed" time="3.799"/>
  <testcase classname="test.ProductListingTest" name="testSortByNameDescending" time="15.383"/>
  <testcase classname="test.ProductListingTest" name="testAllProductsDisplayed" time="3.483"/>
  <testcase classname="test.ProductListingTest" name="testSortByPriceLowToHigh" time="3.652"/>
  <testcase classname="test.ProductListingTest" name="testSortByPriceHighToLow" time="3.539"/>
</testsuite> <!-- test.ProductListingTest -->
