<?xml version="1.0" encoding="UTF-8"?>
<!-- Generated by org.testng.reporters.JUnitReportReporter -->
<testsuite hostname="LAPTOP-RO7N7KNM" failures="0" tests="1" name="test.ProductPageTest" time="12.653" errors="0" timestamp="2025-03-25T14:31:10 PST" skipped="0">
  <testcase classname="test.ProductPageTest" name="verifyProductPageAccess" time="12.653"/>
</testsuite> <!-- test.ProductPageTest -->
