<?xml version="1.0" encoding="UTF-8"?>
<!-- Generated by org.testng.reporters.JUnitReportReporter -->
<testsuite hostname="LAPTOP-RO7N7KNM" failures="0" tests="5" name="test.CheckoutOverviewTest" time="25.858" errors="0" timestamp="2025-04-02T21:38:26 PST" skipped="0">
  <testcase classname="test.CheckoutOverviewTest" name="testAccessCheckoutOverviewPage" time="5.549"/>
  <testcase classname="test.CheckoutOverviewTest" name="testCancelButtonReturnsToProductPage" time="4.895"/>
  <testcase classname="test.CheckoutOverviewTest" name="testOverviewPageRequiredDetailsDisplayed" time="4.832"/>
  <testcase classname="test.CheckoutOverviewTest" name="testCartItemDetailsDisplayed" time="4.700"/>
  <testcase classname="test.CheckoutOverviewTest" name="testTotalPriceCalculationIsCorrect" time="5.882"/>
</testsuite> <!-- test.CheckoutOverviewTest -->
