<?xml version="1.0" encoding="UTF-8"?>
<!-- Generated by org.testng.reporters.JUnitReportReporter -->
<testsuite hostname="LAPTOP-RO7N7KNM" failures="0" tests="1" name="test.ProductDisplayTest" time="0.307" errors="0" timestamp="2025-03-25T14:36:39 PST" skipped="0">
  <testcase classname="test.ProductDisplayTest" name="verifyAllProductsDisplayed" time="0.307"/>
</testsuite> <!-- test.ProductDisplayTest -->
