<?xml version="1.0" encoding="UTF-8"?>
<!-- Generated by org.testng.reporters.JUnitReportReporter -->
<testsuite hostname="LAPTOP-RO7N7KNM" failures="0" tests="1" name="test.ValidLoginTest" time="0.212" errors="0" timestamp="2025-03-25T14:05:42 PST" skipped="0">
  <testcase classname="test.ValidLoginTest" name="testLogin" time="0.212"/>
</testsuite> <!-- test.ValidLoginTest -->
